#
# There is insufficient memory for the Java Runtime Environment to continue.
# Native memory allocation (mmap) failed to map 199229440 bytes for G1 virtual space
# Possible reasons:
#   The system is out of physical RAM or swap space
#   The process is running with CompressedOops enabled, and the Java Heap may be blocking the growth of the native heap
# Possible solutions:
#   Reduce memory load on the system
#   Increase physical memory or swap space
#   Check if swap backing store is full
#   Decrease Java heap size (-Xmx/-Xms)
#   Decrease number of Java threads
#   Decrease Java thread stack sizes (-Xss)
#   Set larger code cache with -XX:ReservedCodeCacheSize=
#   JVM is running with Zero Based Compressed Oops mode in which the Java heap is
#     placed in the first 32GB address space. The Java Heap base address is the
#     maximum limit for the native heap growth. Please use -XX:HeapBaseMinAddress
#     to set the Java Heap base and to place the Java Heap above 32GB virtual address.
# This output file may be truncated or incomplete.
#
#  Out of Memory Error (os_windows.cpp:3557), pid=17852, tid=14160
#
# JRE version:  (17.0.6+10) (build )
# Java VM: OpenJDK 64-Bit Server VM (17.0.6+10-LTS, mixed mode, sharing, tiered, compressed oops, compressed class ptrs, g1 gc, windows-amd64)
# No core dump will be written. Minidumps are not enabled by default on client versions of Windows
#

---------------  S U M M A R Y ------------

Command Line: --module-path=C:\Users\acer\.m2\repository\org\openjfx\javafx-base\17\javafx-base-17-win.jar;C:\Users\acer\.m2\repository\org\openjfx\javafx-base\17\javafx-base-17.jar;C:\Users\acer\.m2\repository\org\openjfx\javafx-controls\17\javafx-controls-17-win.jar;C:\Users\acer\.m2\repository\org\openjfx\javafx-controls\17\javafx-controls-17.jar;C:\Users\acer\.m2\repository\org\openjfx\javafx-fxml\17\javafx-fxml-17-win.jar;C:\Users\acer\.m2\repository\org\openjfx\javafx-fxml\17\javafx-fxml-17.jar;C:\Users\acer\.m2\repository\org\openjfx\javafx-graphics\17\javafx-graphics-17-win.jar;C:\Users\acer\.m2\repository\org\openjfx\javafx-graphics\17\javafx-graphics-17.jar --add-modules=javafx.base,javafx.base,javafx.controls,javafx.controls,javafx.fxml,javafx.fxml,javafx.graphics,javafx.graphics Proyecto.agenciaViajes.Aplicacion

Host: Intel(R) Core(TM) i5-1035G1 CPU @ 1.00GHz, 8 cores, 11G,  Windows 11 , 64 bit Build 22000 (10.0.22000.2124)
Time: Sat Nov 18 18:18:49 2023 Hora est. Pacífico, Sudamérica elapsed time: 0.118425 seconds (0d 0h 0m 0s)

---------------  T H R E A D  ---------------

Current thread (0x000002cb42506d50):  JavaThread "Unknown thread" [_thread_in_vm, id=14160, stack(0x000000e04b600000,0x000000e04b700000)]

Stack: [0x000000e04b600000,0x000000e04b700000]
Native frames: (J=compiled Java code, j=interpreted, Vv=VM code, C=native code)
V  [jvm.dll+0x64af5a]
V  [jvm.dll+0x7fea64]
V  [jvm.dll+0x80021e]
V  [jvm.dll+0x800873]
V  [jvm.dll+0x235648]
V  [jvm.dll+0x647eba]
V  [jvm.dll+0x63c5ca]
V  [jvm.dll+0x2f3c69]
V  [jvm.dll+0x2fad66]
V  [jvm.dll+0x34725a]
V  [jvm.dll+0x34749f]
V  [jvm.dll+0x2ca348]
V  [jvm.dll+0x2cb2d9]
V  [jvm.dll+0x7d2231]
V  [jvm.dll+0x354721]
V  [jvm.dll+0x7b277e]
V  [jvm.dll+0x3d13c3]
V  [jvm.dll+0x3d2dc1]
C  [jli.dll+0x519f]
C  [ucrtbase.dll+0x26c0c]
C  [KERNEL32.DLL+0x155a0]
C  [ntdll.dll+0x485b]


---------------  P R O C E S S  ---------------

Threads class SMR info:
_java_thread_list=0x00007ffb179728e8, length=0, elements={
}

Java Threads: ( => current thread )

Other Threads:
  0x000002cb425601a0 GCTaskThread "GC Thread#0" [stack: 0x000000e04b800000,0x000000e04b900000] [id=10104]
  0x000002cb4256cd70 ConcurrentGCThread "G1 Main Marker" [stack: 0x000000e04b900000,0x000000e04ba00000] [id=10180]
  0x000002cb4256d780 ConcurrentGCThread "G1 Conc#0" [stack: 0x000000e04ba00000,0x000000e04bb00000] [id=1776]

[error occurred during error reporting (printing all threads), id 0xc0000005, EXCEPTION_ACCESS_VIOLATION (0xc0000005) at pc=0x00007ffb1715b557]

VM state: not at safepoint (not fully initialized)

VM Mutex/Monitor currently owned by a thread:  ([mutex/lock_event])
[0x000002cb42504070] Heap_lock - owner thread: 0x000002cb42506d50

Heap address: 0x0000000743600000, size: 3018 MB, Compressed Oops mode: Zero based, Oop shift amount: 3

CDS archive(s) mapped at: [0x0000000000000000-0x0000000000000000-0x0000000000000000), size 0, SharedBaseAddress: 0x0000000800000000, ArchiveRelocationMode: 0.
Narrow klass base: 0x0000000000000000, Narrow klass shift: 0, Narrow klass range: 0x0

GC Precious Log:
<Empty>

Heap:
 garbage-first heap   total 0K, used 0K [0x0000000743600000, 0x0000000800000000)
  region size 2048K, 0 young (0K), 0 survivors (0K)

[error occurred during error reporting (printing heap information), id 0xc0000005, EXCEPTION_ACCESS_VIOLATION (0xc0000005) at pc=0x00007ffb17522999]

GC Heap History (0 events):
No events

Dll operation events (1 events):
Event: 0.036 Loaded shared library C:\Program Files\BellSoft\LibericaJDK-17-Full\bin\java.dll

Deoptimization events (0 events):
No events

Classes unloaded (0 events):
No events

Classes redefined (0 events):
No events

Internal exceptions (0 events):
No events

VM Operations (0 events):
No events

Events (0 events):
No events


Dynamic libraries:
0x00007ff6822c0000 - 0x00007ff6822cd000 	C:\Program Files\BellSoft\LibericaJDK-17-Full\bin\java.exe
0x00007ffbadf60000 - 0x00007ffbae169000 	C:\WINDOWS\SYSTEM32\ntdll.dll
0x00007ffbabdc0000 - 0x00007ffbabe7e000 	C:\WINDOWS\System32\KERNEL32.DLL
0x00007ffbaba20000 - 0x00007ffbabda4000 	C:\WINDOWS\System32\KERNELBASE.dll
0x00007ffbab3f0000 - 0x00007ffbab501000 	C:\WINDOWS\System32\ucrtbase.dll
0x00007ffb8d6f0000 - 0x00007ffb8d707000 	C:\Program Files\BellSoft\LibericaJDK-17-Full\bin\jli.dll
0x00007ffbadd70000 - 0x00007ffbadf1d000 	C:\WINDOWS\System32\USER32.dll
0x00007ffbab9f0000 - 0x00007ffbaba16000 	C:\WINDOWS\System32\win32u.dll
0x00007ffbadbb0000 - 0x00007ffbadbda000 	C:\WINDOWS\System32\GDI32.dll
0x00007ffbab810000 - 0x00007ffbab92f000 	C:\WINDOWS\System32\gdi32full.dll
0x00007ffbab580000 - 0x00007ffbab61d000 	C:\WINDOWS\System32\msvcp_win.dll
0x00007ffb8d6d0000 - 0x00007ffb8d6e5000 	C:\Program Files\BellSoft\LibericaJDK-17-Full\bin\VCRUNTIME140.dll
0x00007ffb945a0000 - 0x00007ffb94845000 	C:\WINDOWS\WinSxS\amd64_microsoft.windows.common-controls_6595b64144ccf1df_6.0.22000.120_none_9d947278b86cc467\COMCTL32.dll
0x00007ffbada50000 - 0x00007ffbadaf3000 	C:\WINDOWS\System32\msvcrt.dll
0x00007ffbadc50000 - 0x00007ffbadc81000 	C:\WINDOWS\System32\IMM32.DLL
0x00007ffb6d9e0000 - 0x00007ffb6da7b000 	C:\Program Files\BellSoft\LibericaJDK-17-Full\bin\msvcp140.dll
0x00007ffb16e80000 - 0x00007ffb17aa0000 	C:\Program Files\BellSoft\LibericaJDK-17-Full\bin\server\jvm.dll
0x00007ffbad2f0000 - 0x00007ffbad39f000 	C:\WINDOWS\System32\ADVAPI32.dll
0x00007ffbad9b0000 - 0x00007ffbada4e000 	C:\WINDOWS\System32\sechost.dll
0x00007ffbac480000 - 0x00007ffbac5a1000 	C:\WINDOWS\System32\RPCRT4.dll
0x00007ffb90a80000 - 0x00007ffb90a89000 	C:\WINDOWS\SYSTEM32\WSOCK32.dll
0x00007ffbacfe0000 - 0x00007ffbad04f000 	C:\WINDOWS\System32\WS2_32.dll
0x00007ffba5a70000 - 0x00007ffba5aa3000 	C:\WINDOWS\SYSTEM32\WINMM.dll
0x00007ffba5ab0000 - 0x00007ffba5aba000 	C:\WINDOWS\SYSTEM32\VERSION.dll
0x00007ffbaa540000 - 0x00007ffbaa558000 	C:\WINDOWS\SYSTEM32\kernel.appcore.dll
0x00007ffb96170000 - 0x00007ffb9617a000 	C:\Program Files\BellSoft\LibericaJDK-17-Full\bin\jimage.dll
0x00007ffba8d40000 - 0x00007ffba8f61000 	C:\WINDOWS\SYSTEM32\DBGHELP.DLL
0x00007ffb909d0000 - 0x00007ffb90a01000 	C:\WINDOWS\SYSTEM32\dbgcore.DLL
0x00007ffbab620000 - 0x00007ffbab69f000 	C:\WINDOWS\System32\bcryptPrimitives.dll
0x00007ffb86260000 - 0x00007ffb86285000 	C:\Program Files\BellSoft\LibericaJDK-17-Full\bin\java.dll

dbghelp: loaded successfully - version: 4.0.5 - missing functions: none
symbol engine: initialized successfully - sym options: 0x614 - pdb path: .;C:\Program Files\BellSoft\LibericaJDK-17-Full\bin;C:\WINDOWS\SYSTEM32;C:\WINDOWS\WinSxS\amd64_microsoft.windows.common-controls_6595b64144ccf1df_6.0.22000.120_none_9d947278b86cc467;C:\Program Files\BellSoft\LibericaJDK-17-Full\bin\server

VM Arguments:
jvm_args: --module-path=C:\Users\acer\.m2\repository\org\openjfx\javafx-base\17\javafx-base-17-win.jar;C:\Users\acer\.m2\repository\org\openjfx\javafx-base\17\javafx-base-17.jar;C:\Users\acer\.m2\repository\org\openjfx\javafx-controls\17\javafx-controls-17-win.jar;C:\Users\acer\.m2\repository\org\openjfx\javafx-controls\17\javafx-controls-17.jar;C:\Users\acer\.m2\repository\org\openjfx\javafx-fxml\17\javafx-fxml-17-win.jar;C:\Users\acer\.m2\repository\org\openjfx\javafx-fxml\17\javafx-fxml-17.jar;C:\Users\acer\.m2\repository\org\openjfx\javafx-graphics\17\javafx-graphics-17-win.jar;C:\Users\acer\.m2\repository\org\openjfx\javafx-graphics\17\javafx-graphics-17.jar --add-modules=javafx.base,javafx.base,javafx.controls,javafx.controls,javafx.fxml,javafx.fxml,javafx.graphics,javafx.graphics 
java_command: Proyecto.agenciaViajes.Aplicacion
java_class_path (initial): C:\Users\acer\Documents\ProgramacionIII\agencia\proyecto-servidor\target\classes;C:\Users\acer\.m2\repository\com\github\virtuald\curvesapi\1.07\curvesapi-1.07.jar;C:\Users\acer\.m2\repository\com\sun\mail\javax.mail\1.5.3\javax.mail-1.5.3.jar;C:\Users\acer\.m2\repository\com\zaxxer\SparseBitSet\1.2\SparseBitSet-1.2.jar;C:\Users\acer\.m2\repository\commons-codec\commons-codec\1.15\commons-codec-1.15.jar;C:\Users\acer\.m2\repository\commons-io\commons-io\2.11.0\commons-io-2.11.0.jar;C:\Users\acer\.m2\repository\javax\activation\activation\1.1\activation-1.1.jar;C:\Users\acer\.m2\repository\org\apache\commons\commons-collections4\4.4\commons-collections4-4.4.jar;C:\Users\acer\.m2\repository\org\apache\commons\commons-compress\1.21\commons-compress-1.21.jar;C:\Users\acer\.m2\repository\org\apache\commons\commons-math3\3.6.1\commons-math3-3.6.1.jar;C:\Users\acer\.m2\repository\org\apache\logging\log4j\log4j-api\2.17.2\log4j-api-2.17.2.jar;C:\Users\acer\.m2\repository\org\apache\poi\poi\5.2.2\poi-5.2.2.jar;C:\Users\acer\.m2\repository\org\apache\poi\poi-ooxml\5.2.2\poi-ooxml-5.2.2.jar;C:\Users\acer\.m2\repository\org\apache\poi\poi-ooxml-lite\5.2.2\poi-ooxml-lite-5.2.2.jar;C:\Users\acer\.m2\repository\org\apache\xmlbeans\xmlbeans\5.0.3\xmlbeans-5.0.3.jar
Launcher Type: SUN_STANDARD

[Global flags]
     intx CICompilerCount                          = 4                                         {product} {ergonomic}
     uint ConcGCThreads                            = 2                                         {product} {ergonomic}
     uint G1ConcRefinementThreads                  = 8                                         {product} {ergonomic}
   size_t G1HeapRegionSize                         = 2097152                                   {product} {ergonomic}
    uintx GCDrainStackTargetSize                   = 64                                        {product} {ergonomic}
   size_t InitialHeapSize                          = 199229440                                 {product} {ergonomic}
   size_t MarkStackSize                            = 4194304                                   {product} {ergonomic}
   size_t MaxHeapSize                              = 3164602368                                {product} {ergonomic}
   size_t MinHeapDeltaBytes                        = 2097152                                   {product} {ergonomic}
   size_t MinHeapSize                              = 8388608                                   {product} {ergonomic}
    uintx NonNMethodCodeHeapSize                   = 5839372                                {pd product} {ergonomic}
    uintx NonProfiledCodeHeapSize                  = 122909434                              {pd product} {ergonomic}
    uintx ProfiledCodeHeapSize                     = 122909434                              {pd product} {ergonomic}
    uintx ReservedCodeCacheSize                    = 251658240                              {pd product} {ergonomic}
     bool SegmentedCodeCache                       = true                                      {product} {ergonomic}
   size_t SoftMaxHeapSize                          = 3164602368                             {manageable} {ergonomic}
     bool UseCompressedClassPointers               = true                           {product lp64_product} {ergonomic}
     bool UseCompressedOops                        = true                           {product lp64_product} {ergonomic}
     bool UseG1GC                                  = true                                      {product} {ergonomic}
     bool UseLargePagesIndividualAllocation        = false                                  {pd product} {ergonomic}

Logging:
Log output configuration:
 #0: stdout all=warning uptime,level,tags
 #1: stderr all=off uptime,level,tags

Environment Variables:
JAVA_HOME=C:\Program Files\BellSoft\LibericaJDK-17-Full\
PATH=C:\Program Files\BellSoft\LibericaJDK-17-Full\bin\;C:\Program Files\Common Files\Oracle\Java\javapath;C:\Program Files (x86)\Common Files\Oracle\Java\javapath;C:\Windows\system32;C:\Windows;C:\Windows\System32\Wbem;C:\Windows\System32\WindowsPowerShell\v1.0\;C:\Windows\System32\OpenSSH\;C:\Program Files (x86)\NVIDIA Corporation\PhysX\Common;C:\Program Files\NVIDIA Corporation\NVIDIA NvDLISR;C:\WINDOWS\system32;C:\WINDOWS;C:\WINDOWS\System32\Wbem;C:\WINDOWS\System32\WindowsPowerShell\v1.0\;C:\WINDOWS\System32\OpenSSH\;C:\Program Files\Git\cmd;C:\Users\acer\AppData\Local\Microsoft\WindowsApps;C:\Users\acer\AppData\Local\Programs\Microsoft VS Code\bin;C:\ProgramData\Angel\GitHubDesktop\bin;C:\Users\acer\AppData\Local\GitHubDesktop\bin
USERNAME=Angel
OS=Windows_NT
PROCESSOR_IDENTIFIER=Intel64 Family 6 Model 126 Stepping 5, GenuineIntel
TMP=C:\Users\acer\AppData\Local\Temp
TEMP=C:\Users\acer\AppData\Local\Temp



---------------  S Y S T E M  ---------------

OS:
 Windows 11 , 64 bit Build 22000 (10.0.22000.2124)
OS uptime: 21 days 23:29 hours

CPU: total 8 (initial active 8) (4 cores per cpu, 2 threads per core) family 6 model 126 stepping 5 microcode 0xa0, cx8, cmov, fxsr, ht, mmx, 3dnowpref, sse, sse2, sse3, ssse3, sse4.1, sse4.2, popcnt, lzcnt, tsc, tscinvbit, avx, avx2, aes, erms, clmul, bmi1, bmi2, adx, avx512f, avx512dq, avx512cd, avx512bw, avx512vl, sha, fma, vzeroupper, avx512_vpopcntdq, avx512_vpclmulqdq, avx512_vaes, avx512_vnni, clflush, clflushopt, avx512_vbmi2, avx512_vbmi

Memory: 4k page, system-wide physical 12065M (778M free)
TotalPageFile size 20257M (AvailPageFile size 27M)
current process WorkingSet (physical memory assigned to process): 11M, peak: 11M
current process commit charge ("private bytes"): 60M, peak: 250M

vm_info: OpenJDK 64-Bit Server VM (17.0.6+10-LTS) for windows-amd64 JRE (17.0.6+10-LTS), built on Jan 12 2023 13:48:56 by "" with MS VC++ 15.9 (VS2017)

END.
